2020-07-13 04:23:14 +0000  Initial pipeline context: <IDEDistributionProcessingPipelineContext: 0x7f9c77a25c40; archive(resolved)='<IDEArchive: 0x7f9c89539900>', distributionTask(resolved)='2', distributionDestination(resolved)='1', distributionMethod(resolved)='<IDEDistributionMethodDevelopmentSigned: 0x7f9c8ec6b650>', team(resolved)='<IDEProvisioningDisambiguatableBasicTeam: 0x7f9c8a1b7160; teamID='7JA3J4SM22', teamName='SHENZHEN APICAL TECHNOLOGY CO.,LTD', teamType='Company', username='apicalios@apical.com.cn', isFreeProvisioningTeam='0'>'>
	Chain (13, self inclusive):
	<IDEDistributionProcessingPipelineContext: 0x7f9c77a25c40; archive = '<IDEArchive: 0x7f9c89539900>', distributionMethod='<IDEDistributionMethodDevelopmentSigned: 0x7f9c8ec6b650>', team='<IDEProvisioningDisambiguatableBasicTeam: 0x7f9c8a1b7160; teamID='7JA3J4SM22', teamName='SHENZHEN APICAL TECHNOLOGY CO.,LTD', teamType='Company', username='apicalios@apical.com.cn', isFreeProvisioningTeam='0'>'>
	<IDEDistributionProcessingPipelineContext: 0x7f9c7778f9a0; archive = '<IDEArchive: 0x7f9c89539900>', distributionMethod='<IDEDistributionMethodDevelopmentSigned: 0x7f9c8ec6b650>', team='<IDEProvisioningDisambiguatableBasicTeam: 0x7f9c8a1b7160; teamID='7JA3J4SM22', teamName='SHENZHEN APICAL TECHNOLOGY CO.,LTD', teamType='Company', username='apicalios@apical.com.cn', isFreeProvisioningTeam='0'>'>
	<IDEDistributionContext: 0x7f9c7999ca50; archive = '<IDEArchive: 0x7f9c89539900>', distributionMethod='<IDEDistributionMethodDevelopmentSigned: 0x7f9c8ec6b650>', team='<IDEProvisioningDisambiguatableBasicTeam: 0x7f9c8a1b7160; teamID='7JA3J4SM22', teamName='SHENZHEN APICAL TECHNOLOGY CO.,LTD', teamType='Company', username='apicalios@apical.com.cn', isFreeProvisioningTeam='0'>'>
	<IDEDistributionContext: 0x7f9c7a2d9fc0; archive = '<IDEArchive: 0x7f9c89539900>', distributionMethod='<IDEDistributionMethodDevelopmentSigned: 0x7f9c8ec6b650>', team='<IDEProvisioningDisambiguatableBasicTeam: 0x7f9c8a1b7160; teamID='7JA3J4SM22', teamName='SHENZHEN APICAL TECHNOLOGY CO.,LTD', teamType='Company', username='apicalios@apical.com.cn', isFreeProvisioningTeam='0'>'>
	<IDEDistributionContext: 0x7f9c788e8aa0; archive = '<IDEArchive: 0x7f9c89539900>', distributionMethod='<IDEDistributionMethodDevelopmentSigned: 0x7f9c8ec6b650>', team='<IDEProvisioningDisambiguatableBasicTeam: 0x7f9c8a1b7160; teamID='7JA3J4SM22', teamName='SHENZHEN APICAL TECHNOLOGY CO.,LTD', teamType='Company', username='apicalios@apical.com.cn', isFreeProvisioningTeam='0'>'>
	<IDEDistributionContext: 0x7f9c784f74e0; archive = '<IDEArchive: 0x7f9c89539900>', distributionMethod='<IDEDistributionMethodDevelopmentSigned: 0x7f9c8ec6b650>', team='<IDEProvisioningDisambiguatableBasicTeam: 0x7f9c8a1b7160; teamID='7JA3J4SM22', teamName='SHENZHEN APICAL TECHNOLOGY CO.,LTD', teamType='Company', username='apicalios@apical.com.cn', isFreeProvisioningTeam='0'>'>
	<IDEDistributionContext: 0x7f9c79c897e0; archive = '<IDEArchive: 0x7f9c89539900>', distributionMethod='<IDEDistributionMethodDevelopmentSigned: 0x7f9c8ec6b650>', team='<IDEProvisioningDisambiguatableBasicTeam: 0x7f9c8a1b7160; teamID='7JA3J4SM22', teamName='SHENZHEN APICAL TECHNOLOGY CO.,LTD', teamType='Company', username='apicalios@apical.com.cn', isFreeProvisioningTeam='0'>'>
	<IDEDistributionContext: 0x7f9c75a4c720; archive = '<IDEArchive: 0x7f9c89539900>', distributionMethod='<IDEDistributionMethodDevelopmentSigned: 0x7f9c8ec6b650>', team='<IDEProvisioningDisambiguatableBasicTeam: 0x7f9c8a1b7160; teamID='7JA3J4SM22', teamName='SHENZHEN APICAL TECHNOLOGY CO.,LTD', teamType='Company', username='apicalios@apical.com.cn', isFreeProvisioningTeam='0'>'>
	<IDEDistributionContext: 0x7f9c78478370; archive = '<IDEArchive: 0x7f9c89539900>', distributionMethod='<IDEDistributionMethodDevelopmentSigned: 0x7f9c8ec6b650>', team='<IDEProvisioningDisambiguatableBasicTeam: 0x7f9c8a1b7160; teamID='7JA3J4SM22', teamName='SHENZHEN APICAL TECHNOLOGY CO.,LTD', teamType='Company', username='apicalios@apical.com.cn', isFreeProvisioningTeam='0'>'>
	<IDEDistributionContext: 0x7f9c79a2fda0; archive = '<IDEArchive: 0x7f9c89539900>', distributionMethod='<IDEDistributionMethodDevelopmentSigned: 0x7f9c8ec6b650>', team='(null)'>
	<IDEDistributionContext: 0x7f9c79a4bd70; archive = '<IDEArchive: 0x7f9c89539900>', distributionMethod='<IDEDistributionMethodDevelopmentSigned: 0x7f9c8ec6b650>', team='(null)'>
	<IDEDistributionContext: 0x7f9c77e16b40; archive = '<IDEArchive: 0x7f9c89539900>', distributionMethod='<IDEDistributionMethodDevelopmentSigned: 0x7f9c8ec6b650>', team='(null)'>
	<IDEDistributionContext: 0x7f9c78cc12f0; archive = '<IDEArchive: 0x7f9c89539900>', distributionMethod='(null)', team='(null)'>
</IDEDistributionProcessingPipelineContext: 0x7f9c77a25c40>
2020-07-13 04:23:14 +0000  Processing step: IDEDistributionCreateDestRootStep
2020-07-13 04:23:14 +0000  Processing step: IDEDistributionCopyItemStep
2020-07-13 04:23:14 +0000  Running /usr/bin/ditto '-V' '/Users/mac/Library/Developer/Xcode/Archives/2020-07-13/Road Cam 2020-7-13, 11.50.xcarchive/Products/Applications/DOC_.app' '/var/folders/5z/nnl2g_1d1_99_034v16bwj980000gn/T/XcodeDistPipeline.~~~kicKnt/Root/Payload/DOC_.app'
2020-07-13 04:23:14 +0000  >>> Copying /Users/mac/Library/Developer/Xcode/Archives/2020-07-13/Road Cam 2020-7-13, 11.50.xcarchive/Products/Applications/DOC_.app 
2020-07-13 04:23:14 +0000  copying file ./_CodeSignature/CodeResources ... 
2020-07-13 04:23:14 +0000  43236 bytes for ./_CodeSignature/CodeResources
2020-07-13 04:23:14 +0000  copying file ./zh-Hans.lproj/Main.strings ... 
2020-07-13 04:23:14 +0000  1 bytes for ./zh-Hans.lproj/Main.strings
2020-07-13 04:23:14 +0000  copying file ./zh-Hans.lproj/Localizable.strings ... 
2020-07-13 04:23:14 +0000  2239 bytes for ./zh-Hans.lproj/Localizable.strings
2020-07-13 04:23:14 +0000  copying file ./LaunchImage-1100-Portrait-2436h@3x.png ... 
2020-07-13 04:23:14 +0000  232951 bytes for ./LaunchImage-1100-Portrait-2436h@3x.png
2020-07-13 04:23:14 +0000  copying file ./AppIcon20x20@2x.png ... 
4982 bytes for ./AppIcon20x20@2x.png
2020-07-13 04:23:14 +0000  copying file ./uk-UA.lproj/Main.strings ... 
2020-07-13 04:23:14 +0000  4756 bytes for ./uk-UA.lproj/Main.strings
2020-07-13 04:23:14 +0000  copying file ./uk-UA.lproj/Localizable.strings ... 
2020-07-13 04:23:14 +0000  6384 bytes for ./uk-UA.lproj/Localizable.strings
2020-07-13 04:23:14 +0000  copying file ./en.lproj/Localizable.strings ... 
2020-07-13 04:23:14 +0000  3715 bytes for ./en.lproj/Localizable.strings
2020-07-13 04:23:14 +0000  copying file ./AppIcon20x20@3x.png ... 
2020-07-13 04:23:14 +0000  6740 bytes for ./AppIcon20x20@3x.png
2020-07-13 04:23:14 +0000  copying file ./et.lproj/Main.strings ... 
2020-07-13 04:23:14 +0000  4756 bytes for ./et.lproj/Main.strings
2020-07-13 04:23:14 +0000  copying file ./et.lproj/Localizable.strings ... 
2020-07-13 04:23:14 +0000  5463 bytes for ./et.lproj/Localizable.strings
2020-07-13 04:23:14 +0000  copying file ./sk.lproj/Main.strings ... 
2020-07-13 04:23:14 +0000  4756 bytes for ./sk.lproj/Main.strings
2020-07-13 04:23:14 +0000  copying file ./sk.lproj/Localizable.strings ... 
2020-07-13 04:23:14 +0000  6258 bytes for ./sk.lproj/Localizable.strings
2020-07-13 04:23:14 +0000  copying file ./AppIcon60x60@2x.png ... 
2020-07-13 04:23:14 +0000  10941 bytes for ./AppIcon60x60@2x.png
copying file ./AppIcon29x29@2x.png ... 
2020-07-13 04:23:14 +0000  4521 bytes for ./AppIcon29x29@2x.png
2020-07-13 04:23:14 +0000  copying file ./LaunchImage-800-667h@2x.png ... 
2020-07-13 04:23:14 +0000  87945 bytes for ./LaunchImage-800-667h@2x.png
copying file ./AppIcon40x40@3x.png ... 
2020-07-13 04:23:14 +0000  10941 bytes for ./AppIcon40x40@3x.png
2020-07-13 04:23:14 +0000  copying file ./AppIcon40x40@2x.png ... 
2020-07-13 04:23:14 +0000  7279 bytes for ./AppIcon40x40@2x.png
2020-07-13 04:23:14 +0000  copying file ./cs.lproj/Main.strings ... 
2020-07-13 04:23:14 +0000  4756 bytes for ./cs.lproj/Main.strings
copying file ./cs.lproj/Localizable.strings ... 
2020-07-13 04:23:14 +0000  5671 bytes for ./cs.lproj/Localizable.strings
2020-07-13 04:23:14 +0000  copying file ./LaunchImage-1200-Portrait-2688h@3x.png ... 
2020-07-13 04:23:14 +0000  241587 bytes for ./LaunchImage-1200-Portrait-2688h@3x.png
copying file ./AppIcon29x29@3x.png ... 
2020-07-13 04:23:14 +0000  7847 bytes for ./AppIcon29x29@3x.png
copying file ./AppIcon60x60@3x.png ... 
2020-07-13 04:23:14 +0000  17161 bytes for ./AppIcon60x60@3x.png
copying file ./DOC_ ... 
2020-07-13 04:23:14 +0000  31585872 bytes for ./DOC_
2020-07-13 04:23:14 +0000  copying file ./Base.lproj/Main.storyboardc/STd-Im-iis-view-E4T-NQ-rsb.nib/runtime.nib ... 
7316 bytes for ./Base.lproj/Main.storyboardc/STd-Im-iis-view-E4T-NQ-rsb.nib/runtime.nib
copying file ./Base.lproj/Main.storyboardc/STd-Im-iis-view-E4T-NQ-rsb.nib/objects-12.3+.nib ... 
7522 bytes for ./Base.lproj/Main.storyboardc/STd-Im-iis-view-E4T-NQ-rsb.nib/objects-12.3+.nib
copying file ./Base.lproj/Main.storyboardc/fdM-EZ-lTJ-view-RbG-nR-oUP.nib/runtime.nib ... 
9356 bytes for ./Base.lproj/Main.storyboardc/fdM-EZ-lTJ-view-RbG-nR-oUP.nib/runtime.nib
copying file ./Base.lproj/Main.storyboardc/fdM-EZ-lTJ-view-RbG-nR-oUP.nib/objects-12.3+.nib ... 
9370 bytes for ./Base.lproj/Main.storyboardc/fdM-EZ-lTJ-view-RbG-nR-oUP.nib/objects-12.3+.nib
copying file ./Base.lproj/Main.storyboardc/CQR-F3-VrY-view-mVQ-Cc-j3f.nib/runtime.nib ... 
4556 bytes for ./Base.lproj/Main.storyboardc/CQR-F3-VrY-view-mVQ-Cc-j3f.nib/runtime.nib
copying file ./Base.lproj/Main.storyboardc/CQR-F3-VrY-view-mVQ-Cc-j3f.nib/objects-12.3+.nib ... 
4548 bytes for ./Base.lproj/Main.storyboardc/CQR-F3-VrY-view-mVQ-Cc-j3f.nib/objects-12.3+.nib
copying file ./Base.lproj/Main.storyboardc/UITableViewController-TAg-Oj-i7p.nib/runtime.nib ... 
1180 bytes for ./Base.lproj/Main.storyboardc/UITableViewController-TAg-Oj-i7p.nib/runtime.nib
copying file ./Base.lproj/Main.storyboardc/UITableViewController-TAg-Oj-i7p.nib/objects-12.3+.nib ... 
1180 bytes for ./Base.lproj/Main.storyboardc/UITableViewController-TAg-Oj-i7p.nib/objects-12.3+.nib
copying file ./Base.lproj/Main.storyboardc/1ii-dm-aA7-view-aV9-UT-By6.nib/runtime.nib ... 
2020-07-13 04:23:14 +0000  13123 bytes for ./Base.lproj/Main.storyboardc/1ii-dm-aA7-view-aV9-UT-By6.nib/runtime.nib
copying file ./Base.lproj/Main.storyboardc/1ii-dm-aA7-view-aV9-UT-By6.nib/objects-12.3+.nib ... 
2020-07-13 04:23:14 +0000  13529 bytes for ./Base.lproj/Main.storyboardc/1ii-dm-aA7-view-aV9-UT-By6.nib/objects-12.3+.nib
2020-07-13 04:23:14 +0000  copying file ./Base.lproj/Main.storyboardc/DoY-ED-BRB-view-oQb-T6-Hhw.nib/runtime.nib ... 
2020-07-13 04:23:14 +0000  5567 bytes for ./Base.lproj/Main.storyboardc/DoY-ED-BRB-view-oQb-T6-Hhw.nib/runtime.nib
2020-07-13 04:23:14 +0000  copying file ./Base.lproj/Main.storyboardc/DoY-ED-BRB-view-oQb-T6-Hhw.nib/objects-12.3+.nib ... 
2020-07-13 04:23:14 +0000  5566 bytes for ./Base.lproj/Main.storyboardc/DoY-ED-BRB-view-oQb-T6-Hhw.nib/objects-12.3+.nib
2020-07-13 04:23:14 +0000  copying file ./Base.lproj/Main.storyboardc/UITableViewController-DoY-ED-BRB.nib/runtime.nib ... 
2020-07-13 04:23:14 +0000  1423 bytes for ./Base.lproj/Main.storyboardc/UITableViewController-DoY-ED-BRB.nib/runtime.nib
copying file ./Base.lproj/Main.storyboardc/UITableViewController-DoY-ED-BRB.nib/objects-12.3+.nib ... 
2020-07-13 04:23:14 +0000  1423 bytes for ./Base.lproj/Main.storyboardc/UITableViewController-DoY-ED-BRB.nib/objects-12.3+.nib
2020-07-13 04:23:14 +0000  copying file ./Base.lproj/Main.storyboardc/Qkp-rM-VrI-view-aCN-eu-JqC.nib/runtime.nib ... 
2020-07-13 04:23:14 +0000  4433 bytes for ./Base.lproj/Main.storyboardc/Qkp-rM-VrI-view-aCN-eu-JqC.nib/runtime.nib
copying file ./Base.lproj/Main.storyboardc/Qkp-rM-VrI-view-aCN-eu-JqC.nib/objects-12.3+.nib ... 
2020-07-13 04:23:14 +0000  4421 bytes for ./Base.lproj/Main.storyboardc/Qkp-rM-VrI-view-aCN-eu-JqC.nib/objects-12.3+.nib
2020-07-13 04:23:14 +0000  copying file ./Base.lproj/Main.storyboardc/UIViewController-fdM-EZ-lTJ.nib/runtime.nib ... 
2020-07-13 04:23:14 +0000  1432 bytes for ./Base.lproj/Main.storyboardc/UIViewController-fdM-EZ-lTJ.nib/runtime.nib
copying file ./Base.lproj/Main.storyboardc/UIViewController-fdM-EZ-lTJ.nib/objects-12.3+.nib ... 
2020-07-13 04:23:14 +0000  1432 bytes for ./Base.lproj/Main.storyboardc/UIViewController-fdM-EZ-lTJ.nib/objects-12.3+.nib
2020-07-13 04:23:14 +0000  copying file ./Base.lproj/Main.storyboardc/UINavigationController-lYR-xf-Fzm.nib/runtime.nib ... 
2020-07-13 04:23:14 +0000  4476 bytes for ./Base.lproj/Main.storyboardc/UINavigationController-lYR-xf-Fzm.nib/runtime.nib
2020-07-13 04:23:14 +0000  copying file ./Base.lproj/Main.storyboardc/UINavigationController-lYR-xf-Fzm.nib/objects-12.3+.nib ... 
2020-07-13 04:23:14 +0000  4472 bytes for ./Base.lproj/Main.storyboardc/UINavigationController-lYR-xf-Fzm.nib/objects-12.3+.nib
2020-07-13 04:23:14 +0000  copying file ./Base.lproj/Main.storyboardc/pTr-4e-sD6-view-zKg-nN-2mE.nib/runtime.nib ... 
2020-07-13 04:23:14 +0000  3529 bytes for ./Base.lproj/Main.storyboardc/pTr-4e-sD6-view-zKg-nN-2mE.nib/runtime.nib
2020-07-13 04:23:14 +0000  copying file ./Base.lproj/Main.storyboardc/pTr-4e-sD6-view-zKg-nN-2mE.nib/objects-12.3+.nib ... 
2020-07-13 04:23:14 +0000  3526 bytes for ./Base.lproj/Main.storyboardc/pTr-4e-sD6-view-zKg-nN-2mE.nib/objects-12.3+.nib
2020-07-13 04:23:14 +0000  copying file ./Base.lproj/Main.storyboardc/UINavigationController-FOw-mE-ywx.nib/runtime.nib ... 
2020-07-13 04:23:14 +0000  3945 bytes for ./Base.lproj/Main.storyboardc/UINavigationController-FOw-mE-ywx.nib/runtime.nib
2020-07-13 04:23:14 +0000  copying file ./Base.lproj/Main.storyboardc/UINavigationController-FOw-mE-ywx.nib/objects-12.3+.nib ... 
2020-07-13 04:23:14 +0000  3946 bytes for ./Base.lproj/Main.storyboardc/UINavigationController-FOw-mE-ywx.nib/objects-12.3+.nib
2020-07-13 04:23:14 +0000  copying file ./Base.lproj/Main.storyboardc/NLc-lO-jgG-view-AOt-3L-QAV.nib/runtime.nib ... 
2020-07-13 04:23:14 +0000  8535 bytes for ./Base.lproj/Main.storyboardc/NLc-lO-jgG-view-AOt-3L-QAV.nib/runtime.nib
2020-07-13 04:23:14 +0000  copying file ./Base.lproj/Main.storyboardc/NLc-lO-jgG-view-AOt-3L-QAV.nib/objects-12.3+.nib ... 
2020-07-13 04:23:14 +0000  8535 bytes for ./Base.lproj/Main.storyboardc/NLc-lO-jgG-view-AOt-3L-QAV.nib/objects-12.3+.nib
2020-07-13 04:23:14 +0000  copying file ./Base.lproj/Main.storyboardc/YUn-MZ-pOr-view-h9M-gP-fuH.nib/runtime.nib ... 
2020-07-13 04:23:14 +0000  10675 bytes for ./Base.lproj/Main.storyboardc/YUn-MZ-pOr-view-h9M-gP-fuH.nib/runtime.nib
2020-07-13 04:23:14 +0000  copying file ./Base.lproj/Main.storyboardc/YUn-MZ-pOr-view-h9M-gP-fuH.nib/objects-12.3+.nib ... 
2020-07-13 04:23:14 +0000  10670 bytes for ./Base.lproj/Main.storyboardc/YUn-MZ-pOr-view-h9M-gP-fuH.nib/objects-12.3+.nib
2020-07-13 04:23:14 +0000  copying file ./Base.lproj/Main.storyboardc/da5-8N-V0l-view-2EB-CV-ibu.nib/runtime.nib ... 
2020-07-13 04:23:14 +0000  26320 bytes for ./Base.lproj/Main.storyboardc/da5-8N-V0l-view-2EB-CV-ibu.nib/runtime.nib
copying file ./Base.lproj/Main.storyboardc/da5-8N-V0l-view-2EB-CV-ibu.nib/objects-12.3+.nib ... 
2020-07-13 04:23:14 +0000  26321 bytes for ./Base.lproj/Main.storyboardc/da5-8N-V0l-view-2EB-CV-ibu.nib/objects-12.3+.nib
2020-07-13 04:23:14 +0000  copying file ./Base.lproj/Main.storyboardc/UIViewController-STd-Im-iis.nib/runtime.nib ... 
2020-07-13 04:23:14 +0000  1648 bytes for ./Base.lproj/Main.storyboardc/UIViewController-STd-Im-iis.nib/runtime.nib
2020-07-13 04:23:14 +0000  copying file ./Base.lproj/Main.storyboardc/UIViewController-STd-Im-iis.nib/objects-12.3+.nib ... 
2020-07-13 04:23:14 +0000  1648 bytes for ./Base.lproj/Main.storyboardc/UIViewController-STd-Im-iis.nib/objects-12.3+.nib
2020-07-13 04:23:14 +0000  copying file ./Base.lproj/Main.storyboardc/UIViewController-pTr-4e-sD6.nib/runtime.nib ... 
2020-07-13 04:23:14 +0000  969 bytes for ./Base.lproj/Main.storyboardc/UIViewController-pTr-4e-sD6.nib/runtime.nib
2020-07-13 04:23:14 +0000  copying file ./Base.lproj/Main.storyboardc/UIViewController-pTr-4e-sD6.nib/objects-12.3+.nib ... 
2020-07-13 04:23:14 +0000  969 bytes for ./Base.lproj/Main.storyboardc/UIViewController-pTr-4e-sD6.nib/objects-12.3+.nib
2020-07-13 04:23:14 +0000  copying file ./Base.lproj/Main.storyboardc/GuideVC.nib/runtime.nib ... 
2020-07-13 04:23:14 +0000  1005 bytes for ./Base.lproj/Main.storyboardc/GuideVC.nib/runtime.nib
2020-07-13 04:23:14 +0000  copying file ./Base.lproj/Main.storyboardc/GuideVC.nib/objects-12.3+.nib ... 
2020-07-13 04:23:14 +0000  1005 bytes for ./Base.lproj/Main.storyboardc/GuideVC.nib/objects-12.3+.nib
2020-07-13 04:23:14 +0000  copying file ./Base.lproj/Main.storyboardc/UINavigationController-oT0-Fr-Mbj.nib/runtime.nib ... 
2020-07-13 04:23:14 +0000  3751 bytes for ./Base.lproj/Main.storyboardc/UINavigationController-oT0-Fr-Mbj.nib/runtime.nib
2020-07-13 04:23:14 +0000  copying file ./Base.lproj/Main.storyboardc/UINavigationController-oT0-Fr-Mbj.nib/objects-12.3+.nib ... 
2020-07-13 04:23:14 +0000  3760 bytes for ./Base.lproj/Main.storyboardc/UINavigationController-oT0-Fr-Mbj.nib/objects-12.3+.nib
2020-07-13 04:23:14 +0000  copying file ./Base.lproj/Main.storyboardc/APKAboutViewController.nib/runtime.nib ... 
2020-07-13 04:23:14 +0000  1285 bytes for ./Base.lproj/Main.storyboardc/APKAboutViewController.nib/runtime.nib
copying file ./Base.lproj/Main.storyboardc/APKAboutViewController.nib/objects-12.3+.nib ... 
2020-07-13 04:23:14 +0000  1285 bytes for ./Base.lproj/Main.storyboardc/APKAboutViewController.nib/objects-12.3+.nib
2020-07-13 04:23:14 +0000  copying file ./Base.lproj/Main.storyboardc/TAg-Oj-i7p-view-jFe-hh-E6U.nib/runtime.nib ... 
2020-07-13 04:23:14 +0000  7728 bytes for ./Base.lproj/Main.storyboardc/TAg-Oj-i7p-view-jFe-hh-E6U.nib/runtime.nib
2020-07-13 04:23:14 +0000  copying file ./Base.lproj/Main.storyboardc/TAg-Oj-i7p-view-jFe-hh-E6U.nib/objects-12.3+.nib ... 
2020-07-13 04:23:14 +0000  7720 bytes for ./Base.lproj/Main.storyboardc/TAg-Oj-i7p-view-jFe-hh-E6U.nib/objects-12.3+.nib
2020-07-13 04:23:14 +0000  copying file ./Base.lproj/Main.storyboardc/Info.plist ... 
2020-07-13 04:23:14 +0000  905 bytes for ./Base.lproj/Main.storyboardc/Info.plist
2020-07-13 04:23:14 +0000  copying file ./Base.lproj/Main.storyboardc/APKVideoPlayer.nib/runtime.nib ... 
2020-07-13 04:23:14 +0000  1444 bytes for ./Base.lproj/Main.storyboardc/APKVideoPlayer.nib/runtime.nib
2020-07-13 04:23:14 +0000  copying file ./Base.lproj/Main.storyboardc/APKVideoPlayer.nib/objects-12.3+.nib ... 
2020-07-13 04:23:14 +0000  1444 bytes for ./Base.lproj/Main.storyboardc/APKVideoPlayer.nib/objects-12.3+.nib
2020-07-13 04:23:14 +0000  copying file ./Assets.car ... 
2020-07-13 04:23:14 +0000  2497448 bytes for ./Assets.car
2020-07-13 04:23:14 +0000  copying file ./DataModal.momd/DataModal.mom ... 
1569 bytes for ./DataModal.momd/DataModal.mom
copying file ./DataModal.momd/VersionInfo.plist ... 
152 bytes for ./DataModal.momd/VersionInfo.plist
copying file ./APKPhotosPageFooterView.nib ... 
2433 bytes for ./APKPhotosPageFooterView.nib
copying file ./LaunchImage-800-Portrait-736h@3x.png ... 
160300 bytes for ./LaunchImage-800-Portrait-736h@3x.png
copying file ./LaunchImage-700@2x.png ... 
83671 bytes for ./LaunchImage-700@2x.png
copying file ./lv.lproj/Main.strings ... 
4756 bytes for ./lv.lproj/Main.strings
copying file ./lv.lproj/Localizable.strings ... 
6206 bytes for ./lv.lproj/Localizable.strings
copying file ./LaunchImage-700-568h@2x.png ... 
86481 bytes for ./LaunchImage-700-568h@2x.png
copying file ./lt.lproj/Main.strings ... 
4756 bytes for ./lt.lproj/Main.strings
copying file ./lt.lproj/Localizable.strings ... 
5862 bytes for ./lt.lproj/Localizable.strings
copying file ./ru.lproj/Main.strings ... 
4756 bytes for ./ru.lproj/Main.strings
copying file ./ru.lproj/Localizable.strings ... 
6570 bytes for ./ru.lproj/Localizable.strings
copying file ./LaunchImage-1200-Portrait-1792h@2x.png ... 
2020-07-13 04:23:14 +0000  149514 bytes for ./LaunchImage-1200-Portrait-1792h@2x.png
copying file ./MWPhotoBrowser.bundle/images/UIBarButtonItemGridiOS6.png ... 
2020-07-13 04:23:14 +0000  1028 bytes for ./MWPhotoBrowser.bundle/images/UIBarButtonItemGridiOS6.png
copying file ./MWPhotoBrowser.bundle/images/UIBarButtonItemArrowLeft.png ... 
2020-07-13 04:23:14 +0000  1169 bytes for ./MWPhotoBrowser.bundle/images/UIBarButtonItemArrowLeft.png
copying file ./MWPhotoBrowser.bundle/images/ImageSelectedSmallOn.png ... 
2020-07-13 04:23:14 +0000  2141 bytes for ./MWPhotoBrowser.bundle/images/ImageSelectedSmallOn.png
2020-07-13 04:23:14 +0000  copying file ./MWPhotoBrowser.bundle/images/UIBarButtonItemGrid.png ... 
2020-07-13 04:23:14 +0000  1044 bytes for ./MWPhotoBrowser.bundle/images/UIBarButtonItemGrid.png
copying file ./MWPhotoBrowser.bundle/images/UIBarButtonItemGrid@2x.png ... 
2020-07-13 04:23:14 +0000  1063 bytes for ./MWPhotoBrowser.bundle/images/UIBarButtonItemGrid@2x.png
copying file ./MWPhotoBrowser.bundle/images/ImageSelectedOff.png ... 
2020-07-13 04:23:14 +0000  2641 bytes for ./MWPhotoBrowser.bundle/images/ImageSelectedOff.png
copying file ./MWPhotoBrowser.bundle/images/ImageError@2x.png ... 
2020-07-13 04:23:14 +0000  1533 bytes for ./MWPhotoBrowser.bundle/images/ImageError@2x.png
2020-07-13 04:23:14 +0000  copying file ./MWPhotoBrowser.bundle/images/ImageSelectedSmallOff@2x.png ... 
2020-07-13 04:23:14 +0000  3296 bytes for ./MWPhotoBrowser.bundle/images/ImageSelectedSmallOff@2x.png
2020-07-13 04:23:14 +0000  copying file ./MWPhotoBrowser.bundle/images/UIBarButtonItemArrowRight.png ... 
2020-07-13 04:23:14 +0000  1158 bytes for ./MWPhotoBrowser.bundle/images/UIBarButtonItemArrowRight.png
2020-07-13 04:23:14 +0000  copying file ./MWPhotoBrowser.bundle/images/ImageError.png ... 
2020-07-13 04:23:14 +0000  1187 bytes for ./MWPhotoBrowser.bundle/images/ImageError.png
copying file ./MWPhotoBrowser.bundle/images/Checkmark.png ... 
2020-07-13 04:23:14 +0000  1609 bytes for ./MWPhotoBrowser.bundle/images/Checkmark.png
copying file ./MWPhotoBrowser.bundle/images/ImageSelectedOn.png ... 
2020-07-13 04:23:14 +0000  2682 bytes for ./MWPhotoBrowser.bundle/images/ImageSelectedOn.png
2020-07-13 04:23:14 +0000  copying file ./MWPhotoBrowser.bundle/images/ImageSelectedOff@2x.png ... 
2020-07-13 04:23:14 +0000  4839 bytes for ./MWPhotoBrowser.bundle/images/ImageSelectedOff@2x.png
copying file ./MWPhotoBrowser.bundle/images/UIBarButtonItemArrowLeft@2x.png ... 
2020-07-13 04:23:14 +0000  1360 bytes for ./MWPhotoBrowser.bundle/images/UIBarButtonItemArrowLeft@2x.png
copying file ./MWPhotoBrowser.bundle/images/ImageSelectedSmallOff.png ... 
2020-07-13 04:23:14 +0000  1932 bytes for ./MWPhotoBrowser.bundle/images/ImageSelectedSmallOff.png
2020-07-13 04:23:14 +0000  copying file ./MWPhotoBrowser.bundle/images/UIBarButtonItemArrowRight@2x.png ... 
2020-07-13 04:23:14 +0000  1355 bytes for ./MWPhotoBrowser.bundle/images/UIBarButtonItemArrowRight@2x.png
2020-07-13 04:23:14 +0000  copying file ./MWPhotoBrowser.bundle/images/UIBarButtonItemArrowOutlineLeft.png ... 
2020-07-13 04:23:14 +0000  1135 bytes for ./MWPhotoBrowser.bundle/images/UIBarButtonItemArrowOutlineLeft.png
2020-07-13 04:23:14 +0000  copying file ./MWPhotoBrowser.bundle/images/Checkmark@2x.png ... 
2020-07-13 04:23:14 +0000  2156 bytes for ./MWPhotoBrowser.bundle/images/Checkmark@2x.png
2020-07-13 04:23:14 +0000  copying file ./MWPhotoBrowser.bundle/images/UIBarButtonItemArrowOutlineRight.png ... 
2020-07-13 04:23:14 +0000  1115 bytes for ./MWPhotoBrowser.bundle/images/UIBarButtonItemArrowOutlineRight.png
2020-07-13 04:23:14 +0000  copying file ./MWPhotoBrowser.bundle/images/ImageSelectedOn@2x.png ... 
2020-07-13 04:23:14 +0000  4571 bytes for ./MWPhotoBrowser.bundle/images/ImageSelectedOn@2x.png
2020-07-13 04:23:14 +0000  copying file ./MWPhotoBrowser.bundle/images/UIBarButtonItemGridiOS6@2x.png ... 
2020-07-13 04:23:14 +0000  1058 bytes for ./MWPhotoBrowser.bundle/images/UIBarButtonItemGridiOS6@2x.png
2020-07-13 04:23:14 +0000  copying file ./MWPhotoBrowser.bundle/images/UIBarButtonItemArrowOutlineRight@2x.png ... 
2020-07-13 04:23:14 +0000  1253 bytes for ./MWPhotoBrowser.bundle/images/UIBarButtonItemArrowOutlineRight@2x.png
2020-07-13 04:23:14 +0000  copying file ./MWPhotoBrowser.bundle/images/ImageSelectedSmallOn@2x.png ... 
2020-07-13 04:23:14 +0000  3543 bytes for ./MWPhotoBrowser.bundle/images/ImageSelectedSmallOn@2x.png
2020-07-13 04:23:14 +0000  copying file ./MWPhotoBrowser.bundle/images/UIBarButtonItemArrowOutlineLeft@2x.png ... 
2020-07-13 04:23:14 +0000  1261 bytes for ./MWPhotoBrowser.bundle/images/UIBarButtonItemArrowOutlineLeft@2x.png
2020-07-13 04:23:14 +0000  copying file ./pl-PL.lproj/Main.strings ... 
2020-07-13 04:23:14 +0000  4756 bytes for ./pl-PL.lproj/Main.strings
copying file ./pl-PL.lproj/Localizable.strings ... 
2020-07-13 04:23:14 +0000  5632 bytes for ./pl-PL.lproj/Localizable.strings
2020-07-13 04:23:14 +0000  copying file ./embedded.mobileprovision ... 
2020-07-13 04:23:14 +0000  15384 bytes for ./embedded.mobileprovision
copying file ./Info.plist ... 
2020-07-13 04:23:14 +0000  1862 bytes for ./Info.plist
copying file ./PkgInfo ... 
2020-07-13 04:23:14 +0000  8 bytes for ./PkgInfo
2020-07-13 04:23:14 +0000  copying file ./APKDownloadInfoView.nib ... 
2020-07-13 04:23:14 +0000  5551 bytes for ./APKDownloadInfoView.nib
2020-07-13 04:23:14 +0000  /usr/bin/ditto exited with 0
2020-07-13 04:23:14 +0000  Processing step: IDEDistributionEmbedProfileStep
2020-07-13 04:23:14 +0000  Processing step: IDEDistributionInfoPlistStep
2020-07-13 04:23:14 +0000  Skipping step: IDEDistributionInfoPlistStep because it said so
2020-07-13 04:23:14 +0000  Processing step: IDEDistributionAppThinningPlistStep
2020-07-13 04:23:14 +0000  Skipping step: IDEDistributionAppThinningPlistStep because it said so
2020-07-13 04:23:14 +0000  Processing step: IDEDistributionCompileBitcodeStep
2020-07-13 04:23:14 +0000  Skipping step: IDEDistributionCompileBitcodeStep because it said so
2020-07-13 04:23:14 +0000  Processing step: IDEDistributionCodeSlimmingStep
2020-07-13 04:23:14 +0000  Processing step: IDEDistributionCopyBCSymbolMapsStep
2020-07-13 04:23:14 +0000  Skipping step: IDEDistributionCopyBCSymbolMapsStep because it said so
2020-07-13 04:23:14 +0000  Processing step: IDEDistributionSymbolsStep
2020-07-13 04:23:14 +0000  Skipping step: IDEDistributionSymbolsStep because it said so
2020-07-13 04:23:14 +0000  Processing step: IDEDistributionAppThinningStep
2020-07-13 04:23:14 +0000  Skipping step: IDEDistributionAppThinningStep because it said so
2020-07-13 04:23:14 +0000  Processing step: IDEDistributionArchThinningStep
2020-07-13 04:23:14 +0000  Running /Applications/Xcode.app/Contents/Developer/Toolchains/XcodeDefault.xctoolchain/usr/bin/lipo '/var/folders/5z/nnl2g_1d1_99_034v16bwj980000gn/T/XcodeDistPipeline.~~~kicKnt/Root/Payload/DOC_.app/DOC_' '-verify_arch' 'arm64e'
2020-07-13 04:23:14 +0000  /Applications/Xcode.app/Contents/Developer/Toolchains/XcodeDefault.xctoolchain/usr/bin/lipo exited with 1
2020-07-13 04:23:14 +0000  Skipping architecture thinning for item "DOC_" because arch "arm64e" wasn't found
2020-07-13 04:23:14 +0000  Processing step: IDEDistributionODRStep
2020-07-13 04:23:14 +0000  Processing step: IDEDistributionStripXattrsStep
2020-07-13 04:23:14 +0000  Running /usr/bin/xattr '-crs' '/var/folders/5z/nnl2g_1d1_99_034v16bwj980000gn/T/XcodeDistPipeline.~~~kicKnt/Root/Payload/DOC_.app'
2020-07-13 04:23:14 +0000  /usr/bin/xattr exited with 0
2020-07-13 04:23:14 +0000  Processing step: IDEDistributionCodesignStep
2020-07-13 04:23:14 +0000  Entitlements for <IDEDistributionItem: 0x7f9c7a2ef790; bundleID='com.apical.universal', path='<DVTFilePath:0x7f9c79f48c80:'/Users/mac/Library/Developer/Xcode/Archives/2020-07-13/Road Cam 2020-7-13, 11.50.xcarchive/Products/Applications/DOC_.app'>', codeSigningInfo='<_DVTCodeSigningInformation_Path: 0x7f9c78cea4c0; isSigned='1', isAdHocSigned='0', signingCertificate='<DVTSigningCertificate: 0x7f9c9297f700; name='Apple Development: Fuchi Li (36RX2K6M8J)', hash='39BB1ECF85ADDFF3CC3AAE4027BE20B5B4EF8A26', serialNumber='4D407E4AF7E7C134', certificateKinds='(
    "1.2.840.113635.100.6.1.12",
    "1.2.840.113635.100.6.1.2"
), issueDate='2020-03-31 08:13:34 +0000''>', entitlements='{
    "application-identifier" = "7JA3J4SM22.com.apical.universal";
    "com.apple.developer.team-identifier" = 7JA3J4SM22;
    "get-task-allow" = 1;
    "keychain-access-groups" =     (
        "7JA3J4SM22.com.apical.universal"
    );
}', teamID='7JA3J4SM22', identifier='com.apical.universal', executablePath='<DVTFilePath:0x7f9c77aa83f0:'/Users/mac/Library/Developer/Xcode/Archives/2020-07-13/Road Cam 2020-7-13, 11.50.xcarchive/Products/Applications/DOC_.app/DOC_'>', hardenedRuntime='0'>'>: {
    "application-identifier" = "7JA3J4SM22.com.apical.universal";
    "com.apple.developer.team-identifier" = 7JA3J4SM22;
    "get-task-allow" = 1;
    "keychain-access-groups" =     (
        "7JA3J4SM22.com.apical.universal"
    );
}
2020-07-13 04:23:14 +0000  Writing entitlements for <IDEDistributionItem: 0x7f9c7a2ef790; bundleID='com.apical.universal', path='<DVTFilePath:0x7f9c79f48c80:'/Users/mac/Library/Developer/Xcode/Archives/2020-07-13/Road Cam 2020-7-13, 11.50.xcarchive/Products/Applications/DOC_.app'>', codeSigningInfo='<_DVTCodeSigningInformation_Path: 0x7f9c78cea4c0; isSigned='1', isAdHocSigned='0', signingCertificate='<DVTSigningCertificate: 0x7f9c7a2bdef0; name='Apple Development: Fuchi Li (36RX2K6M8J)', hash='39BB1ECF85ADDFF3CC3AAE4027BE20B5B4EF8A26', serialNumber='4D407E4AF7E7C134', certificateKinds='(
    "1.2.840.113635.100.6.1.12",
    "1.2.840.113635.100.6.1.2"
), issueDate='2020-03-31 08:13:34 +0000''>', entitlements='{
    "application-identifier" = "7JA3J4SM22.com.apical.universal";
    "com.apple.developer.team-identifier" = 7JA3J4SM22;
    "get-task-allow" = 1;
    "keychain-access-groups" =     (
        "7JA3J4SM22.com.apical.universal"
    );
}', teamID='7JA3J4SM22', identifier='com.apical.universal', executablePath='<DVTFilePath:0x7f9c77aa83f0:'/Users/mac/Library/Developer/Xcode/Archives/2020-07-13/Road Cam 2020-7-13, 11.50.xcarchive/Products/Applications/DOC_.app/DOC_'>', hardenedRuntime='0'>'> to: /var/folders/5z/nnl2g_1d1_99_034v16bwj980000gn/T/XcodeDistPipeline.~~~kicKnt/entitlements~~~ysA1eG
2020-07-13 04:23:14 +0000  Running /usr/bin/codesign '-vvv' '--force' '--sign' '39BB1ECF85ADDFF3CC3AAE4027BE20B5B4EF8A26' '--entitlements' '/var/folders/5z/nnl2g_1d1_99_034v16bwj980000gn/T/XcodeDistPipeline.~~~kicKnt/entitlements~~~ysA1eG' '--preserve-metadata=identifier,flags,runtime' '/var/folders/5z/nnl2g_1d1_99_034v16bwj980000gn/T/XcodeDistPipeline.~~~kicKnt/Root/Payload/DOC_.app'
2020-07-13 04:23:14 +0000  /var/folders/5z/nnl2g_1d1_99_034v16bwj980000gn/T/XcodeDistPipeline.~~~kicKnt/Root/Payload/DOC_.app: replacing existing signature
2020-07-13 04:23:15 +0000  /var/folders/5z/nnl2g_1d1_99_034v16bwj980000gn/T/XcodeDistPipeline.~~~kicKnt/Root/Payload/DOC_.app: signed app bundle with Mach-O universal (armv7 arm64) [com.apical.universal]
2020-07-13 04:23:15 +0000  /usr/bin/codesign exited with 0
2020-07-13 04:23:15 +0000  Processing step: IDEDistributionZipODRItemStep
2020-07-13 04:23:15 +0000  Skipping step: IDEDistributionZipODRItemStep because it said so
2020-07-13 04:23:15 +0000  Processing step: IDEDistributionCreateIPAStep
2020-07-13 04:23:15 +0000  Running /usr/bin/ditto '-V' '-c' '-k' '--norsrc' '/var/folders/5z/nnl2g_1d1_99_034v16bwj980000gn/T/XcodeDistPipeline.~~~kicKnt/Root' '/var/folders/5z/nnl2g_1d1_99_034v16bwj980000gn/T/XcodeDistPipeline.~~~kicKnt/Packages/Road Cam.ipa'
2020-07-13 04:23:15 +0000  >>> Copying /var/folders/5z/nnl2g_1d1_99_034v16bwj980000gn/T/XcodeDistPipeline.~~~kicKnt/Root 
2020-07-13 04:23:15 +0000  copying file ./Payload/DOC_.app/_CodeSignature/CodeResources ... 
2020-07-13 04:23:15 +0000  43236 bytes for ./Payload/DOC_.app/_CodeSignature/CodeResources
2020-07-13 04:23:15 +0000  copying file ./Payload/DOC_.app/zh-Hans.lproj/Main.strings ... 
2020-07-13 04:23:15 +0000  1 bytes for ./Payload/DOC_.app/zh-Hans.lproj/Main.strings
copying file ./Payload/DOC_.app/zh-Hans.lproj/Localizable.strings ... 
2020-07-13 04:23:15 +0000  2239 bytes for ./Payload/DOC_.app/zh-Hans.lproj/Localizable.strings
copying file ./Payload/DOC_.app/LaunchImage-1100-Portrait-2436h@3x.png ... 
2020-07-13 04:23:15 +0000  232951 bytes for ./Payload/DOC_.app/LaunchImage-1100-Portrait-2436h@3x.png
2020-07-13 04:23:15 +0000  copying file ./Payload/DOC_.app/AppIcon20x20@2x.png ... 
2020-07-13 04:23:15 +0000  4982 bytes for ./Payload/DOC_.app/AppIcon20x20@2x.png
copying file ./Payload/DOC_.app/uk-UA.lproj/Main.strings ... 
2020-07-13 04:23:15 +0000  4756 bytes for ./Payload/DOC_.app/uk-UA.lproj/Main.strings
2020-07-13 04:23:15 +0000  copying file ./Payload/DOC_.app/uk-UA.lproj/Localizable.strings ... 
2020-07-13 04:23:15 +0000  6384 bytes for ./Payload/DOC_.app/uk-UA.lproj/Localizable.strings
2020-07-13 04:23:15 +0000  copying file ./Payload/DOC_.app/en.lproj/Localizable.strings ... 
2020-07-13 04:23:15 +0000  3715 bytes for ./Payload/DOC_.app/en.lproj/Localizable.strings
2020-07-13 04:23:15 +0000  copying file ./Payload/DOC_.app/AppIcon20x20@3x.png ... 
2020-07-13 04:23:15 +0000  6740 bytes for ./Payload/DOC_.app/AppIcon20x20@3x.png
2020-07-13 04:23:15 +0000  copying file ./Payload/DOC_.app/et.lproj/Main.strings ... 
2020-07-13 04:23:15 +0000  4756 bytes for ./Payload/DOC_.app/et.lproj/Main.strings
copying file ./Payload/DOC_.app/et.lproj/Localizable.strings ... 
2020-07-13 04:23:15 +0000  5463 bytes for ./Payload/DOC_.app/et.lproj/Localizable.strings
2020-07-13 04:23:15 +0000  copying file ./Payload/DOC_.app/sk.lproj/Main.strings ... 
2020-07-13 04:23:15 +0000  4756 bytes for ./Payload/DOC_.app/sk.lproj/Main.strings
2020-07-13 04:23:15 +0000  copying file ./Payload/DOC_.app/sk.lproj/Localizable.strings ... 
2020-07-13 04:23:15 +0000  6258 bytes for ./Payload/DOC_.app/sk.lproj/Localizable.strings
2020-07-13 04:23:15 +0000  copying file ./Payload/DOC_.app/AppIcon60x60@2x.png ... 
2020-07-13 04:23:15 +0000  10941 bytes for ./Payload/DOC_.app/AppIcon60x60@2x.png
2020-07-13 04:23:15 +0000  copying file ./Payload/DOC_.app/AppIcon29x29@2x.png ... 
2020-07-13 04:23:15 +0000  4521 bytes for ./Payload/DOC_.app/AppIcon29x29@2x.png
2020-07-13 04:23:15 +0000  copying file ./Payload/DOC_.app/LaunchImage-800-667h@2x.png ... 
2020-07-13 04:23:15 +0000  87945 bytes for ./Payload/DOC_.app/LaunchImage-800-667h@2x.png
2020-07-13 04:23:15 +0000  copying file ./Payload/DOC_.app/AppIcon40x40@3x.png ... 
2020-07-13 04:23:15 +0000  10941 bytes for ./Payload/DOC_.app/AppIcon40x40@3x.png
2020-07-13 04:23:15 +0000  copying file ./Payload/DOC_.app/AppIcon40x40@2x.png ... 
2020-07-13 04:23:15 +0000  7279 bytes for ./Payload/DOC_.app/AppIcon40x40@2x.png
2020-07-13 04:23:15 +0000  copying file ./Payload/DOC_.app/cs.lproj/Main.strings ... 
2020-07-13 04:23:15 +0000  4756 bytes for ./Payload/DOC_.app/cs.lproj/Main.strings
2020-07-13 04:23:15 +0000  copying file ./Payload/DOC_.app/cs.lproj/Localizable.strings ... 
2020-07-13 04:23:15 +0000  5671 bytes for ./Payload/DOC_.app/cs.lproj/Localizable.strings
2020-07-13 04:23:15 +0000  copying file ./Payload/DOC_.app/LaunchImage-1200-Portrait-2688h@3x.png ... 
2020-07-13 04:23:15 +0000  241587 bytes for ./Payload/DOC_.app/LaunchImage-1200-Portrait-2688h@3x.png
copying file ./Payload/DOC_.app/AppIcon29x29@3x.png ... 
2020-07-13 04:23:15 +0000  7847 bytes for ./Payload/DOC_.app/AppIcon29x29@3x.png
copying file ./Payload/DOC_.app/AppIcon60x60@3x.png ... 
2020-07-13 04:23:15 +0000  17161 bytes for ./Payload/DOC_.app/AppIcon60x60@3x.png
copying file ./Payload/DOC_.app/DOC_ ... 
2020-07-13 04:23:16 +0000  31585872 bytes for ./Payload/DOC_.app/DOC_
2020-07-13 04:23:16 +0000  copying file ./Payload/DOC_.app/Base.lproj/Main.storyboardc/STd-Im-iis-view-E4T-NQ-rsb.nib/runtime.nib ... 
2020-07-13 04:23:16 +0000  7316 bytes for ./Payload/DOC_.app/Base.lproj/Main.storyboardc/STd-Im-iis-view-E4T-NQ-rsb.nib/runtime.nib
2020-07-13 04:23:16 +0000  copying file ./Payload/DOC_.app/Base.lproj/Main.storyboardc/STd-Im-iis-view-E4T-NQ-rsb.nib/objects-12.3+.nib ... 
2020-07-13 04:23:16 +0000  7522 bytes for ./Payload/DOC_.app/Base.lproj/Main.storyboardc/STd-Im-iis-view-E4T-NQ-rsb.nib/objects-12.3+.nib
2020-07-13 04:23:16 +0000  copying file ./Payload/DOC_.app/Base.lproj/Main.storyboardc/fdM-EZ-lTJ-view-RbG-nR-oUP.nib/runtime.nib ... 
2020-07-13 04:23:16 +0000  9356 bytes for ./Payload/DOC_.app/Base.lproj/Main.storyboardc/fdM-EZ-lTJ-view-RbG-nR-oUP.nib/runtime.nib
copying file ./Payload/DOC_.app/Base.lproj/Main.storyboardc/fdM-EZ-lTJ-view-RbG-nR-oUP.nib/objects-12.3+.nib ... 
2020-07-13 04:23:16 +0000  9370 bytes for ./Payload/DOC_.app/Base.lproj/Main.storyboardc/fdM-EZ-lTJ-view-RbG-nR-oUP.nib/objects-12.3+.nib
2020-07-13 04:23:16 +0000  copying file ./Payload/DOC_.app/Base.lproj/Main.storyboardc/CQR-F3-VrY-view-mVQ-Cc-j3f.nib/runtime.nib ... 
2020-07-13 04:23:16 +0000  4556 bytes for ./Payload/DOC_.app/Base.lproj/Main.storyboardc/CQR-F3-VrY-view-mVQ-Cc-j3f.nib/runtime.nib
copying file ./Payload/DOC_.app/Base.lproj/Main.storyboardc/CQR-F3-VrY-view-mVQ-Cc-j3f.nib/objects-12.3+.nib ... 
2020-07-13 04:23:16 +0000  4548 bytes for ./Payload/DOC_.app/Base.lproj/Main.storyboardc/CQR-F3-VrY-view-mVQ-Cc-j3f.nib/objects-12.3+.nib
2020-07-13 04:23:16 +0000  copying file ./Payload/DOC_.app/Base.lproj/Main.storyboardc/UITableViewController-TAg-Oj-i7p.nib/runtime.nib ... 
2020-07-13 04:23:16 +0000  1180 bytes for ./Payload/DOC_.app/Base.lproj/Main.storyboardc/UITableViewController-TAg-Oj-i7p.nib/runtime.nib
2020-07-13 04:23:16 +0000  copying file ./Payload/DOC_.app/Base.lproj/Main.storyboardc/UITableViewController-TAg-Oj-i7p.nib/objects-12.3+.nib ... 
2020-07-13 04:23:16 +0000  1180 bytes for ./Payload/DOC_.app/Base.lproj/Main.storyboardc/UITableViewController-TAg-Oj-i7p.nib/objects-12.3+.nib
2020-07-13 04:23:16 +0000  copying file ./Payload/DOC_.app/Base.lproj/Main.storyboardc/1ii-dm-aA7-view-aV9-UT-By6.nib/runtime.nib ... 
2020-07-13 04:23:16 +0000  13123 bytes for ./Payload/DOC_.app/Base.lproj/Main.storyboardc/1ii-dm-aA7-view-aV9-UT-By6.nib/runtime.nib
copying file ./Payload/DOC_.app/Base.lproj/Main.storyboardc/1ii-dm-aA7-view-aV9-UT-By6.nib/objects-12.3+.nib ... 
2020-07-13 04:23:16 +0000  13529 bytes for ./Payload/DOC_.app/Base.lproj/Main.storyboardc/1ii-dm-aA7-view-aV9-UT-By6.nib/objects-12.3+.nib
2020-07-13 04:23:16 +0000  copying file ./Payload/DOC_.app/Base.lproj/Main.storyboardc/DoY-ED-BRB-view-oQb-T6-Hhw.nib/runtime.nib ... 
2020-07-13 04:23:16 +0000  5567 bytes for ./Payload/DOC_.app/Base.lproj/Main.storyboardc/DoY-ED-BRB-view-oQb-T6-Hhw.nib/runtime.nib
2020-07-13 04:23:16 +0000  copying file ./Payload/DOC_.app/Base.lproj/Main.storyboardc/DoY-ED-BRB-view-oQb-T6-Hhw.nib/objects-12.3+.nib ... 
2020-07-13 04:23:16 +0000  5566 bytes for ./Payload/DOC_.app/Base.lproj/Main.storyboardc/DoY-ED-BRB-view-oQb-T6-Hhw.nib/objects-12.3+.nib
2020-07-13 04:23:16 +0000  copying file ./Payload/DOC_.app/Base.lproj/Main.storyboardc/UITableViewController-DoY-ED-BRB.nib/runtime.nib ... 
2020-07-13 04:23:16 +0000  1423 bytes for ./Payload/DOC_.app/Base.lproj/Main.storyboardc/UITableViewController-DoY-ED-BRB.nib/runtime.nib
2020-07-13 04:23:16 +0000  copying file ./Payload/DOC_.app/Base.lproj/Main.storyboardc/UITableViewController-DoY-ED-BRB.nib/objects-12.3+.nib ... 
2020-07-13 04:23:16 +0000  1423 bytes for ./Payload/DOC_.app/Base.lproj/Main.storyboardc/UITableViewController-DoY-ED-BRB.nib/objects-12.3+.nib
copying file ./Payload/DOC_.app/Base.lproj/Main.storyboardc/Qkp-rM-VrI-view-aCN-eu-JqC.nib/runtime.nib ... 
2020-07-13 04:23:16 +0000  4433 bytes for ./Payload/DOC_.app/Base.lproj/Main.storyboardc/Qkp-rM-VrI-view-aCN-eu-JqC.nib/runtime.nib
2020-07-13 04:23:16 +0000  copying file ./Payload/DOC_.app/Base.lproj/Main.storyboardc/Qkp-rM-VrI-view-aCN-eu-JqC.nib/objects-12.3+.nib ... 
2020-07-13 04:23:16 +0000  4421 bytes for ./Payload/DOC_.app/Base.lproj/Main.storyboardc/Qkp-rM-VrI-view-aCN-eu-JqC.nib/objects-12.3+.nib
2020-07-13 04:23:16 +0000  copying file ./Payload/DOC_.app/Base.lproj/Main.storyboardc/UIViewController-fdM-EZ-lTJ.nib/runtime.nib ... 
2020-07-13 04:23:16 +0000  1432 bytes for ./Payload/DOC_.app/Base.lproj/Main.storyboardc/UIViewController-fdM-EZ-lTJ.nib/runtime.nib
2020-07-13 04:23:16 +0000  copying file ./Payload/DOC_.app/Base.lproj/Main.storyboardc/UIViewController-fdM-EZ-lTJ.nib/objects-12.3+.nib ... 
2020-07-13 04:23:16 +0000  1432 bytes for ./Payload/DOC_.app/Base.lproj/Main.storyboardc/UIViewController-fdM-EZ-lTJ.nib/objects-12.3+.nib
2020-07-13 04:23:16 +0000  copying file ./Payload/DOC_.app/Base.lproj/Main.storyboardc/UINavigationController-lYR-xf-Fzm.nib/runtime.nib ... 
2020-07-13 04:23:16 +0000  4476 bytes for ./Payload/DOC_.app/Base.lproj/Main.storyboardc/UINavigationController-lYR-xf-Fzm.nib/runtime.nib
2020-07-13 04:23:16 +0000  copying file ./Payload/DOC_.app/Base.lproj/Main.storyboardc/UINavigationController-lYR-xf-Fzm.nib/objects-12.3+.nib ... 
2020-07-13 04:23:16 +0000  4472 bytes for ./Payload/DOC_.app/Base.lproj/Main.storyboardc/UINavigationController-lYR-xf-Fzm.nib/objects-12.3+.nib
2020-07-13 04:23:16 +0000  copying file ./Payload/DOC_.app/Base.lproj/Main.storyboardc/pTr-4e-sD6-view-zKg-nN-2mE.nib/runtime.nib ... 
2020-07-13 04:23:16 +0000  3529 bytes for ./Payload/DOC_.app/Base.lproj/Main.storyboardc/pTr-4e-sD6-view-zKg-nN-2mE.nib/runtime.nib
2020-07-13 04:23:16 +0000  copying file ./Payload/DOC_.app/Base.lproj/Main.storyboardc/pTr-4e-sD6-view-zKg-nN-2mE.nib/objects-12.3+.nib ... 
2020-07-13 04:23:16 +0000  3526 bytes for ./Payload/DOC_.app/Base.lproj/Main.storyboardc/pTr-4e-sD6-view-zKg-nN-2mE.nib/objects-12.3+.nib
2020-07-13 04:23:16 +0000  copying file ./Payload/DOC_.app/Base.lproj/Main.storyboardc/UINavigationController-FOw-mE-ywx.nib/runtime.nib ... 
2020-07-13 04:23:16 +0000  3945 bytes for ./Payload/DOC_.app/Base.lproj/Main.storyboardc/UINavigationController-FOw-mE-ywx.nib/runtime.nib
2020-07-13 04:23:16 +0000  copying file ./Payload/DOC_.app/Base.lproj/Main.storyboardc/UINavigationController-FOw-mE-ywx.nib/objects-12.3+.nib ... 
2020-07-13 04:23:16 +0000  3946 bytes for ./Payload/DOC_.app/Base.lproj/Main.storyboardc/UINavigationController-FOw-mE-ywx.nib/objects-12.3+.nib
2020-07-13 04:23:16 +0000  copying file ./Payload/DOC_.app/Base.lproj/Main.storyboardc/NLc-lO-jgG-view-AOt-3L-QAV.nib/runtime.nib ... 
2020-07-13 04:23:16 +0000  8535 bytes for ./Payload/DOC_.app/Base.lproj/Main.storyboardc/NLc-lO-jgG-view-AOt-3L-QAV.nib/runtime.nib
2020-07-13 04:23:16 +0000  copying file ./Payload/DOC_.app/Base.lproj/Main.storyboardc/NLc-lO-jgG-view-AOt-3L-QAV.nib/objects-12.3+.nib ... 
2020-07-13 04:23:16 +0000  8535 bytes for ./Payload/DOC_.app/Base.lproj/Main.storyboardc/NLc-lO-jgG-view-AOt-3L-QAV.nib/objects-12.3+.nib
2020-07-13 04:23:16 +0000  copying file ./Payload/DOC_.app/Base.lproj/Main.storyboardc/YUn-MZ-pOr-view-h9M-gP-fuH.nib/runtime.nib ... 
2020-07-13 04:23:16 +0000  10675 bytes for ./Payload/DOC_.app/Base.lproj/Main.storyboardc/YUn-MZ-pOr-view-h9M-gP-fuH.nib/runtime.nib
2020-07-13 04:23:16 +0000  copying file ./Payload/DOC_.app/Base.lproj/Main.storyboardc/YUn-MZ-pOr-view-h9M-gP-fuH.nib/objects-12.3+.nib ... 
2020-07-13 04:23:16 +0000  10670 bytes for ./Payload/DOC_.app/Base.lproj/Main.storyboardc/YUn-MZ-pOr-view-h9M-gP-fuH.nib/objects-12.3+.nib
2020-07-13 04:23:16 +0000  copying file ./Payload/DOC_.app/Base.lproj/Main.storyboardc/da5-8N-V0l-view-2EB-CV-ibu.nib/runtime.nib ... 
2020-07-13 04:23:16 +0000  26320 bytes for ./Payload/DOC_.app/Base.lproj/Main.storyboardc/da5-8N-V0l-view-2EB-CV-ibu.nib/runtime.nib
2020-07-13 04:23:16 +0000  copying file ./Payload/DOC_.app/Base.lproj/Main.storyboardc/da5-8N-V0l-view-2EB-CV-ibu.nib/objects-12.3+.nib ... 
2020-07-13 04:23:16 +0000  26321 bytes for ./Payload/DOC_.app/Base.lproj/Main.storyboardc/da5-8N-V0l-view-2EB-CV-ibu.nib/objects-12.3+.nib
2020-07-13 04:23:16 +0000  copying file ./Payload/DOC_.app/Base.lproj/Main.storyboardc/UIViewController-STd-Im-iis.nib/runtime.nib ... 
2020-07-13 04:23:16 +0000  1648 bytes for ./Payload/DOC_.app/Base.lproj/Main.storyboardc/UIViewController-STd-Im-iis.nib/runtime.nib
2020-07-13 04:23:16 +0000  copying file ./Payload/DOC_.app/Base.lproj/Main.storyboardc/UIViewController-STd-Im-iis.nib/objects-12.3+.nib ... 
2020-07-13 04:23:16 +0000  1648 bytes for ./Payload/DOC_.app/Base.lproj/Main.storyboardc/UIViewController-STd-Im-iis.nib/objects-12.3+.nib
2020-07-13 04:23:16 +0000  copying file ./Payload/DOC_.app/Base.lproj/Main.storyboardc/UIViewController-pTr-4e-sD6.nib/runtime.nib ... 
2020-07-13 04:23:16 +0000  969 bytes for ./Payload/DOC_.app/Base.lproj/Main.storyboardc/UIViewController-pTr-4e-sD6.nib/runtime.nib
copying file ./Payload/DOC_.app/Base.lproj/Main.storyboardc/UIViewController-pTr-4e-sD6.nib/objects-12.3+.nib ... 
2020-07-13 04:23:16 +0000  969 bytes for ./Payload/DOC_.app/Base.lproj/Main.storyboardc/UIViewController-pTr-4e-sD6.nib/objects-12.3+.nib
2020-07-13 04:23:16 +0000  copying file ./Payload/DOC_.app/Base.lproj/Main.storyboardc/GuideVC.nib/runtime.nib ... 
2020-07-13 04:23:16 +0000  1005 bytes for ./Payload/DOC_.app/Base.lproj/Main.storyboardc/GuideVC.nib/runtime.nib
copying file ./Payload/DOC_.app/Base.lproj/Main.storyboardc/GuideVC.nib/objects-12.3+.nib ... 
2020-07-13 04:23:16 +0000  1005 bytes for ./Payload/DOC_.app/Base.lproj/Main.storyboardc/GuideVC.nib/objects-12.3+.nib
2020-07-13 04:23:16 +0000  copying file ./Payload/DOC_.app/Base.lproj/Main.storyboardc/UINavigationController-oT0-Fr-Mbj.nib/runtime.nib ... 
2020-07-13 04:23:16 +0000  3751 bytes for ./Payload/DOC_.app/Base.lproj/Main.storyboardc/UINavigationController-oT0-Fr-Mbj.nib/runtime.nib
2020-07-13 04:23:16 +0000  copying file ./Payload/DOC_.app/Base.lproj/Main.storyboardc/UINavigationController-oT0-Fr-Mbj.nib/objects-12.3+.nib ... 
2020-07-13 04:23:16 +0000  3760 bytes for ./Payload/DOC_.app/Base.lproj/Main.storyboardc/UINavigationController-oT0-Fr-Mbj.nib/objects-12.3+.nib
2020-07-13 04:23:16 +0000  copying file ./Payload/DOC_.app/Base.lproj/Main.storyboardc/APKAboutViewController.nib/runtime.nib ... 
2020-07-13 04:23:16 +0000  1285 bytes for ./Payload/DOC_.app/Base.lproj/Main.storyboardc/APKAboutViewController.nib/runtime.nib
2020-07-13 04:23:16 +0000  copying file ./Payload/DOC_.app/Base.lproj/Main.storyboardc/APKAboutViewController.nib/objects-12.3+.nib ... 
2020-07-13 04:23:16 +0000  1285 bytes for ./Payload/DOC_.app/Base.lproj/Main.storyboardc/APKAboutViewController.nib/objects-12.3+.nib
2020-07-13 04:23:16 +0000  copying file ./Payload/DOC_.app/Base.lproj/Main.storyboardc/TAg-Oj-i7p-view-jFe-hh-E6U.nib/runtime.nib ... 
2020-07-13 04:23:16 +0000  7728 bytes for ./Payload/DOC_.app/Base.lproj/Main.storyboardc/TAg-Oj-i7p-view-jFe-hh-E6U.nib/runtime.nib
2020-07-13 04:23:16 +0000  copying file ./Payload/DOC_.app/Base.lproj/Main.storyboardc/TAg-Oj-i7p-view-jFe-hh-E6U.nib/objects-12.3+.nib ... 
2020-07-13 04:23:16 +0000  7720 bytes for ./Payload/DOC_.app/Base.lproj/Main.storyboardc/TAg-Oj-i7p-view-jFe-hh-E6U.nib/objects-12.3+.nib
2020-07-13 04:23:16 +0000  copying file ./Payload/DOC_.app/Base.lproj/Main.storyboardc/Info.plist ... 
2020-07-13 04:23:16 +0000  905 bytes for ./Payload/DOC_.app/Base.lproj/Main.storyboardc/Info.plist
2020-07-13 04:23:16 +0000  copying file ./Payload/DOC_.app/Base.lproj/Main.storyboardc/APKVideoPlayer.nib/runtime.nib ... 
2020-07-13 04:23:16 +0000  1444 bytes for ./Payload/DOC_.app/Base.lproj/Main.storyboardc/APKVideoPlayer.nib/runtime.nib
copying file ./Payload/DOC_.app/Base.lproj/Main.storyboardc/APKVideoPlayer.nib/objects-12.3+.nib ... 
2020-07-13 04:23:16 +0000  1444 bytes for ./Payload/DOC_.app/Base.lproj/Main.storyboardc/APKVideoPlayer.nib/objects-12.3+.nib
2020-07-13 04:23:16 +0000  copying file ./Payload/DOC_.app/Assets.car ... 
2020-07-13 04:23:16 +0000  2497448 bytes for ./Payload/DOC_.app/Assets.car
2020-07-13 04:23:16 +0000  copying file ./Payload/DOC_.app/DataModal.momd/DataModal.mom ... 
2020-07-13 04:23:16 +0000  1569 bytes for ./Payload/DOC_.app/DataModal.momd/DataModal.mom
copying file ./Payload/DOC_.app/DataModal.momd/VersionInfo.plist ... 
152 bytes for ./Payload/DOC_.app/DataModal.momd/VersionInfo.plist
2020-07-13 04:23:16 +0000  copying file ./Payload/DOC_.app/APKPhotosPageFooterView.nib ... 
2020-07-13 04:23:16 +0000  2433 bytes for ./Payload/DOC_.app/APKPhotosPageFooterView.nib
copying file ./Payload/DOC_.app/LaunchImage-800-Portrait-736h@3x.png ... 
2020-07-13 04:23:16 +0000  160300 bytes for ./Payload/DOC_.app/LaunchImage-800-Portrait-736h@3x.png
2020-07-13 04:23:16 +0000  copying file ./Payload/DOC_.app/LaunchImage-700@2x.png ... 
2020-07-13 04:23:16 +0000  83671 bytes for ./Payload/DOC_.app/LaunchImage-700@2x.png
2020-07-13 04:23:16 +0000  copying file ./Payload/DOC_.app/lv.lproj/Main.strings ... 
2020-07-13 04:23:16 +0000  4756 bytes for ./Payload/DOC_.app/lv.lproj/Main.strings
copying file ./Payload/DOC_.app/lv.lproj/Localizable.strings ... 
2020-07-13 04:23:16 +0000  6206 bytes for ./Payload/DOC_.app/lv.lproj/Localizable.strings
2020-07-13 04:23:16 +0000  copying file ./Payload/DOC_.app/LaunchImage-700-568h@2x.png ... 
2020-07-13 04:23:16 +0000  86481 bytes for ./Payload/DOC_.app/LaunchImage-700-568h@2x.png
2020-07-13 04:23:16 +0000  copying file ./Payload/DOC_.app/lt.lproj/Main.strings ... 
2020-07-13 04:23:16 +0000  4756 bytes for ./Payload/DOC_.app/lt.lproj/Main.strings
copying file ./Payload/DOC_.app/lt.lproj/Localizable.strings ... 
2020-07-13 04:23:16 +0000  5862 bytes for ./Payload/DOC_.app/lt.lproj/Localizable.strings
2020-07-13 04:23:16 +0000  copying file ./Payload/DOC_.app/ru.lproj/Main.strings ... 
2020-07-13 04:23:16 +0000  4756 bytes for ./Payload/DOC_.app/ru.lproj/Main.strings
copying file ./Payload/DOC_.app/ru.lproj/Localizable.strings ... 
2020-07-13 04:23:16 +0000  6570 bytes for ./Payload/DOC_.app/ru.lproj/Localizable.strings
2020-07-13 04:23:16 +0000  copying file ./Payload/DOC_.app/LaunchImage-1200-Portrait-1792h@2x.png ... 
2020-07-13 04:23:16 +0000  149514 bytes for ./Payload/DOC_.app/LaunchImage-1200-Portrait-1792h@2x.png
2020-07-13 04:23:16 +0000  copying file ./Payload/DOC_.app/MWPhotoBrowser.bundle/images/UIBarButtonItemGridiOS6.png ... 
1028 bytes for ./Payload/DOC_.app/MWPhotoBrowser.bundle/images/UIBarButtonItemGridiOS6.png
copying file ./Payload/DOC_.app/MWPhotoBrowser.bundle/images/UIBarButtonItemArrowLeft.png ... 
1169 bytes for ./Payload/DOC_.app/MWPhotoBrowser.bundle/images/UIBarButtonItemArrowLeft.png
copying file ./Payload/DOC_.app/MWPhotoBrowser.bundle/images/ImageSelectedSmallOn.png ... 
2141 bytes for ./Payload/DOC_.app/MWPhotoBrowser.bundle/images/ImageSelectedSmallOn.png
copying file ./Payload/DOC_.app/MWPhotoBrowser.bundle/images/UIBarButtonItemGrid.png ... 
1044 bytes for ./Payload/DOC_.app/MWPhotoBrowser.bundle/images/UIBarButtonItemGrid.png
copying file ./Payload/DOC_.app/MWPhotoBrowser.bundle/images/UIBarButtonItemGrid@2x.png ... 
1063 bytes for ./Payload/DOC_.app/MWPhotoBrowser.bundle/images/UIBarButtonItemGrid@2x.png
copying file ./Payload/DOC_.app/MWPhotoBrowser.bundle/images/ImageSelectedOff.png ... 
2641 bytes for ./Payload/DOC_.app/MWPhotoBrowser.bundle/images/ImageSelectedOff.png
copying file ./Payload/DOC_.app/MWPhotoBrowser.bundle/images/ImageError@2x.png ... 
1533 bytes for ./Payload/DOC_.app/MWPhotoBrowser.bundle/images/ImageError@2x.png
copying file ./Payload/DOC_.app/MWPhotoBrowser.bundle/images/ImageSelectedSmallOff@2x.png ... 
2020-07-13 04:23:16 +0000  3296 bytes for ./Payload/DOC_.app/MWPhotoBrowser.bundle/images/ImageSelectedSmallOff@2x.png
2020-07-13 04:23:16 +0000  copying file ./Payload/DOC_.app/MWPhotoBrowser.bundle/images/UIBarButtonItemArrowRight.png ... 
2020-07-13 04:23:16 +0000  1158 bytes for ./Payload/DOC_.app/MWPhotoBrowser.bundle/images/UIBarButtonItemArrowRight.png
copying file ./Payload/DOC_.app/MWPhotoBrowser.bundle/images/ImageError.png ... 
2020-07-13 04:23:16 +0000  1187 bytes for ./Payload/DOC_.app/MWPhotoBrowser.bundle/images/ImageError.png
copying file ./Payload/DOC_.app/MWPhotoBrowser.bundle/images/Checkmark.png ... 
2020-07-13 04:23:16 +0000  1609 bytes for ./Payload/DOC_.app/MWPhotoBrowser.bundle/images/Checkmark.png
copying file ./Payload/DOC_.app/MWPhotoBrowser.bundle/images/ImageSelectedOn.png ... 
2020-07-13 04:23:16 +0000  2682 bytes for ./Payload/DOC_.app/MWPhotoBrowser.bundle/images/ImageSelectedOn.png
copying file ./Payload/DOC_.app/MWPhotoBrowser.bundle/images/ImageSelectedOff@2x.png ... 
2020-07-13 04:23:16 +0000  4839 bytes for ./Payload/DOC_.app/MWPhotoBrowser.bundle/images/ImageSelectedOff@2x.png
copying file ./Payload/DOC_.app/MWPhotoBrowser.bundle/images/UIBarButtonItemArrowLeft@2x.png ... 
2020-07-13 04:23:16 +0000  1360 bytes for ./Payload/DOC_.app/MWPhotoBrowser.bundle/images/UIBarButtonItemArrowLeft@2x.png
2020-07-13 04:23:16 +0000  copying file ./Payload/DOC_.app/MWPhotoBrowser.bundle/images/ImageSelectedSmallOff.png ... 
2020-07-13 04:23:16 +0000  1932 bytes for ./Payload/DOC_.app/MWPhotoBrowser.bundle/images/ImageSelectedSmallOff.png
copying file ./Payload/DOC_.app/MWPhotoBrowser.bundle/images/UIBarButtonItemArrowRight@2x.png ... 
2020-07-13 04:23:16 +0000  1355 bytes for ./Payload/DOC_.app/MWPhotoBrowser.bundle/images/UIBarButtonItemArrowRight@2x.png
copying file ./Payload/DOC_.app/MWPhotoBrowser.bundle/images/UIBarButtonItemArrowOutlineLeft.png ... 
2020-07-13 04:23:16 +0000  1135 bytes for ./Payload/DOC_.app/MWPhotoBrowser.bundle/images/UIBarButtonItemArrowOutlineLeft.png
copying file ./Payload/DOC_.app/MWPhotoBrowser.bundle/images/Checkmark@2x.png ... 
2020-07-13 04:23:16 +0000  2156 bytes for ./Payload/DOC_.app/MWPhotoBrowser.bundle/images/Checkmark@2x.png
copying file ./Payload/DOC_.app/MWPhotoBrowser.bundle/images/UIBarButtonItemArrowOutlineRight.png ... 
2020-07-13 04:23:16 +0000  1115 bytes for ./Payload/DOC_.app/MWPhotoBrowser.bundle/images/UIBarButtonItemArrowOutlineRight.png
copying file ./Payload/DOC_.app/MWPhotoBrowser.bundle/images/ImageSelectedOn@2x.png ... 
2020-07-13 04:23:16 +0000  4571 bytes for ./Payload/DOC_.app/MWPhotoBrowser.bundle/images/ImageSelectedOn@2x.png
2020-07-13 04:23:16 +0000  copying file ./Payload/DOC_.app/MWPhotoBrowser.bundle/images/UIBarButtonItemGridiOS6@2x.png ... 
2020-07-13 04:23:16 +0000  1058 bytes for ./Payload/DOC_.app/MWPhotoBrowser.bundle/images/UIBarButtonItemGridiOS6@2x.png
copying file ./Payload/DOC_.app/MWPhotoBrowser.bundle/images/UIBarButtonItemArrowOutlineRight@2x.png ... 
2020-07-13 04:23:16 +0000  1253 bytes for ./Payload/DOC_.app/MWPhotoBrowser.bundle/images/UIBarButtonItemArrowOutlineRight@2x.png
2020-07-13 04:23:16 +0000  copying file ./Payload/DOC_.app/MWPhotoBrowser.bundle/images/ImageSelectedSmallOn@2x.png ... 
2020-07-13 04:23:16 +0000  3543 bytes for ./Payload/DOC_.app/MWPhotoBrowser.bundle/images/ImageSelectedSmallOn@2x.png
2020-07-13 04:23:16 +0000  copying file ./Payload/DOC_.app/MWPhotoBrowser.bundle/images/UIBarButtonItemArrowOutlineLeft@2x.png ... 
2020-07-13 04:23:16 +0000  1261 bytes for ./Payload/DOC_.app/MWPhotoBrowser.bundle/images/UIBarButtonItemArrowOutlineLeft@2x.png
2020-07-13 04:23:16 +0000  copying file ./Payload/DOC_.app/pl-PL.lproj/Main.strings ... 
2020-07-13 04:23:16 +0000  4756 bytes for ./Payload/DOC_.app/pl-PL.lproj/Main.strings
2020-07-13 04:23:16 +0000  copying file ./Payload/DOC_.app/pl-PL.lproj/Localizable.strings ... 
2020-07-13 04:23:16 +0000  5632 bytes for ./Payload/DOC_.app/pl-PL.lproj/Localizable.strings
2020-07-13 04:23:16 +0000  copying file ./Payload/DOC_.app/embedded.mobileprovision ... 
2020-07-13 04:23:16 +0000  15384 bytes for ./Payload/DOC_.app/embedded.mobileprovision
2020-07-13 04:23:16 +0000  copying file ./Payload/DOC_.app/Info.plist ... 
2020-07-13 04:23:16 +0000  1862 bytes for ./Payload/DOC_.app/Info.plist
copying file ./Payload/DOC_.app/PkgInfo ... 
2020-07-13 04:23:16 +0000  8 bytes for ./Payload/DOC_.app/PkgInfo
2020-07-13 04:23:16 +0000  copying file ./Payload/DOC_.app/APKDownloadInfoView.nib ... 
2020-07-13 04:23:16 +0000  5551 bytes for ./Payload/DOC_.app/APKDownloadInfoView.nib
2020-07-13 04:23:16 +0000  /usr/bin/ditto exited with 0
2020-07-13 04:23:16 +0000  Processing step: IDEDistributionAppStoreInformationStep
2020-07-13 04:23:16 +0000  Skipping step: IDEDistributionAppStoreInformationStep because it said so
2020-07-13 04:23:16 +0000  Processing step: IDEDistributionGenerateProcessedDistributionItems
2020-07-13 04:23:16 +0000  Processing step: IDEDistributionCreateManifestStep
